2011-01-02T04:12:58.622!       2!Concentration veto:      0.583333
2011-01-02T04:12:58.622!       2!Concentration veto:      0.500000
2011-01-02T04:12:58.621!       3!Event found
2011-01-02T04:12:58.622!       3!Concentration veto:      0.437500
2011-01-02T04:13:46.411!       0!SAA protection
2011-01-02T04:13:46.411!       0!SAA protection
2011-01-02T04:13:46.411!       1!SAA protection
2011-01-02T04:13:46.411!       1!SAA protection
2011-01-02T04:13:46.411!       2!SAA protection
2011-01-02T04:13:46.411!       2!SAA protection
2011-01-02T04:13:46.411!       3!SAA protection
2011-01-02T04:13:46.411!       3!SAA protection
2011-01-02T04:13:46.411!       4!SAA protection
2011-01-02T04:13:46.411!       4!SAA protection
2011-01-02T04:13:46.411!       5!SAA protection
2011-01-02T04:13:46.411!       5!SAA protection
2011-01-02T04:13:46.411!       6!SAA protection
2011-01-02T04:13:46.411!       6!SAA protection
2011-01-02T04:14:32.535!       0!Event found
2011-01-02T04:14:32.535!       0!Event found
2011-01-11T13:32:43.749!       1!Event found
2011-01-11T13:32:43.749!       2!Event found
2011-01-11T13:32:43.749!       2!Event found
2011-01-11T13:32:43.749!       3!Event found
2011-01-11T13:32:43.749!       3!Event found
2011-01-11T13:32:43.749!       2!Event found
2011-01-11T13:32:43.749!       2!Event found
2011-01-11T13:32:43.749!       3!Event found
2011-01-11T13:32:43.749!       3!Event found
2011-01-11T13:32:48.862!       2!Concentration veto:      0.875000
2011-01-11T13:32:48.862!       2!Concentration veto:      0.722222
2011-01-11T13:32:48.862!       3!Concentration veto:      0.518519
2011-01-11T13:32:48.862!       4!Event found
2011-01-17T12:18:04.821!       0!Event found
2011-01-17T12:18:04.821!       0!Event found
2011-01-17T12:18:05.505!       2!Event found
2011-01-17T12:18:05.505!       3!Event found
2011-01-17T12:18:44.090!       0!Concentration veto:       1.00000
2011-01-17T12:18:44.090!       3!Concentration veto:      0.785714
2011-01-17T12:19:56.240!       2!Concentration veto:      0.823529
2011-01-17T12:19:56.240!       2!Concentration veto:      0.875000
2011-01-17T12:19:56.241!       3!Concentration veto:      0.700000
2011-01-17T12:19:56.240!       3!Concentration veto:      0.823529
2011-01-17T12:19:56.241!       4!Concentration veto:      0.482759
2011-01-17T12:20:05.066!       0!Event found
2011-01-17T12:20:05.066!       0!Event found
2011-01-17T12:20:05.066!       1!Event found
2011-01-17T12:20:05.066!       2!Event found
2011-01-17T12:20:05.066!       2!Event found
2011-01-17T12:20:05.066!       3!Event found
2011-02-13T09:31:16.638!       2!Concentration veto:      0.545455
2011-02-13T09:31:16.638!       3!Concentration veto:      0.526316
2011-02-13T09:31:16.637!       4!Event found
2011-02-13T09:31:16.639!       4!Event found
2011-02-13T09:31:50.986!       2!Concentration veto:       1.00000
2011-02-13T09:31:50.986!       2!Concentration veto:      0.882353
2011-02-13T09:31:50.987!       3!Concentration veto:      0.809524
2011-02-13T09:31:50.986!       3!Concentration veto:      0.850000
2011-02-13T09:31:50.986!       4!Concentration veto:      0.739130
2011-02-13T09:31:50.987!       4!Concentration veto:      0.692308
2011-02-13T09:32:04.081!       6!Event found
2011-02-13T09:32:44.424!       0!SAA protection
2011-02-13T09:32:44.424!       0!SAA protection
2011-02-13T09:32:44.424!       1!SAA protection
2011-02-13T09:32:44.424!       1!SAA protection
2011-02-13T09:32:44.424!       2!SAA protection
2011-02-13T09:32:44.424!       2!SAA protection
2011-02-13T09:32:44.424!       3!SAA protection
2011-02-13T09:32:44.424!       3!SAA protection
2011-02-13T09:32:44.424!       4!SAA protection
2011-02-13T09:32:44.424!       4!SAA protection
2011-02-13T09:32:44.424!       5!SAA protection
2011-02-13T09:32:44.424!       5!SAA protection
2011-02-13T09:32:44.424!       6!SAA protection
2011-02-13T09:32:44.424!       6!SAA protection
2011-02-27T19:21:56.113!       1!Concentration veto:      0.500000
2011-02-27T19:21:56.113!       2!Concentration veto:      0.545455
2011-02-27T19:21:56.112!       3!Event found
2011-03-10T08:55:33.032!       2!Concentration veto:      0.833333
2011-03-10T08:55:33.032!       3!Concentration veto:      0.666667
2011-03-10T08:56:27.215!       0!Event found
2011-03-10T08:56:27.215!       1!Event found
2011-03-10T08:56:27.215!       1!Event found
2011-03-10T08:56:27.215!       2!Event found
2011-03-10T08:56:27.215!       2!Event found
2011-03-10T08:56:27.215!       3!Event found
2011-03-10T08:56:27.216!       4!Event found
2011-03-10T08:56:42.541!       3!Event found
2011-03-10T08:57:01.633!       0!Event found
2011-03-10T08:57:01.633!       0!Event found
2011-03-10T08:57:01.633!       1!Event found
2011-03-10T08:57:01.633!       2!Event found
2011-03-10T08:57:10.078!       6!Event found
2011-03-11T11:25:27.999!       0!SAA protection
2011-03-11T11:25:27.999!       1!SAA protection
2011-03-11T11:25:27.999!       2!SAA protection
2011-03-11T11:25:27.999!       3!SAA protection
2011-03-11T11:25:27.999!       4!SAA protection
2011-03-11T11:25:27.999!       5!SAA protection
2011-03-11T11:54:36.725!       0!Event found
2011-03-11T11:54:36.725!       0!Event found
2011-03-11T11:54:36.725!       0!Event found
2011-03-11T11:54:36.725!       0!Event found
2011-03-11T11:54:36.725!       1!Event found
2011-03-11T11:54:36.725!       1!Event found
2011-03-11T11:54:36.725!       1!Event found
2011-03-11T11:54:36.725!       2!Event found
2011-03-11T11:54:36.724!       2!Event found
2011-03-11T11:54:36.725!       3!Event found
2011-03-11T11:54:36.724!       3!Event found
2011-03-11T11:54:36.724!       4!Event found
2011-03-11T11:54:36.725!       4!Event found
2011-03-11T11:55:17.763!       2!Concentration veto:      0.882353
2011-03-11T11:55:17.763!       2!Concentration veto:      0.882353
2011-03-11T11:55:17.764!       3!Concentration veto:      0.714286
2011-03-11T11:55:17.763!       3!Concentration veto:      0.652174
2011-03-11T11:55:17.763!       4!Concentration veto:      0.500000
2011-03-11T11:55:17.760!       5!Event found
2011-03-11T11:55:23.270!       3!Event found
2011-03-11T11:55:51.330!       3!Event found
2011-03-27T06:31:01.479!       1!Concentration veto:      0.600000
2011-03-27T06:31:01.479!       2!Concentration veto:      0.500000
2011-03-27T06:31:01.479!       2!Concentration veto:      0.461538
2011-03-27T06:31:01.478!       3!Event found
2011-03-27T06:31:01.479!       3!Event found
2011-03-27T06:31:24.020!       2!Event found
2011-03-27T06:31:26.547!       2!Event found
2011-03-31T00:47:26.347!       2!Concentration veto:      0.454545
2011-03-31T00:48:17.463!       0!Event found
2011-03-31T00:48:17.463!       0!Event found
2011-05-15T10:54:47.697!       6!SAA protection
2011-05-15T11:16:58.486!       1!Event found
2011-05-15T11:16:58.486!       1!Event found
2011-05-15T11:16:58.486!       1!Event found
2011-05-15T11:16:58.486!       2!Event found
2011-05-15T11:16:58.486!       2!Event found
2011-05-15T11:16:58.486!       2!Event found
2011-05-15T11:16:58.486!       3!Event found
2011-05-15T11:16:58.486!       3!Event found
2011-05-15T11:16:58.487!       3!Event found
2011-05-15T11:16:58.487!       4!Event found
2011-05-15T11:16:58.486!       4!Event found
2011-05-19T23:31:58.871!       2!Event found
2011-05-19T23:32:24.082!       2!Event found
2011-05-19T23:32:52.356!       1!Event found
2011-05-21T03:12:50.517!       2!Concentration veto:       1.00000
2011-05-21T03:12:50.517!       2!Concentration veto:       1.00000
2011-05-21T03:12:50.517!       2!Concentration veto:       1.00000
2011-05-21T03:12:50.517!       3!Concentration veto:      0.954545
2011-05-21T03:12:50.517!       3!Concentration veto:      0.875000
2011-05-21T03:12:50.516!       4!Concentration veto:      0.785714
2011-05-21T03:12:50.518!       4!Concentration veto:      0.750000
2011-05-26T20:35:08.818!       3!Event found
2011-05-26T20:35:24.474!       2!Event found
2011-05-26T20:35:31.992!       0!Event found
2011-05-26T20:35:31.992!       0!Event found
2011-05-26T20:35:31.992!       2!Event found
2011-05-26T20:35:48.789!       5!Event found
2011-05-26T20:36:17.804!       0!Concentration veto:      0.750000
2011-05-26T20:36:17.804!       1!Concentration veto:      0.777778
2011-05-26T20:36:17.803!       2!Concentration veto:      0.777778
2011-05-26T20:36:17.804!       2!Concentration veto:      0.800000
2011-05-26T20:36:17.803!       3!Concentration veto:      0.571429
2011-05-26T20:36:17.804!       3!Concentration veto:      0.615385
2011-06-03T11:52:35.897!       0!Event found
2011-06-03T11:52:35.897!       1!Event found
2011-06-03T11:52:35.897!       2!Event found
2011-08-21T04:29:35.465!       0!Concentration veto:      0.555556
2011-08-21T04:29:35.465!       0!Concentration veto:      0.555556
2011-08-21T04:29:35.465!       1!Concentration veto:      0.555556
2011-08-21T04:29:35.465!       2!Event found
2011-08-21T04:29:35.465!       2!Event found
2011-08-21T04:29:35.466!       3!Event found
2011-08-21T04:29:35.465!       3!Event found
2011-08-21T04:29:55.234!       0!SAA protection
2011-08-21T04:29:55.234!       0!SAA protection
2011-08-21T04:29:55.234!       1!SAA protection
2011-08-21T04:29:55.234!       1!SAA protection
2011-08-21T04:29:55.234!       2!SAA protection
2011-08-21T04:29:55.234!       2!SAA protection
2011-08-21T04:29:55.234!       3!SAA protection
2011-08-21T04:29:55.234!       3!SAA protection
2011-08-21T04:29:55.234!       4!SAA protection
2011-08-21T04:29:55.234!       4!SAA protection
2011-08-21T04:29:55.234!       5!SAA protection
2011-08-21T04:29:55.234!       5!SAA protection
2011-08-21T04:29:55.234!       6!SAA protection
2011-08-21T04:29:55.234!       6!SAA protection
2011-08-21T04:30:35.465!      -1!no data 1
2011-08-21T22:50:33.291!       2!Event found
2011-08-21T22:50:33.291!       2!Event found
2011-08-21T22:50:33.291!       3!Event found
2011-08-21T22:50:33.291!       3!Event found
2011-08-21T22:50:33.292!       4!Event found
2011-09-10T12:21:27.911!       2!Concentration veto:      0.600000
2011-09-10T12:21:27.911!       2!Concentration veto:      0.600000
2011-09-10T12:21:27.911!       3!Concentration veto:      0.500000
2011-09-10T12:21:41.112!       3!Event found
2011-09-10T17:34:17.160!       0!SAA protection
2011-09-10T17:34:17.160!       0!SAA protection
2011-09-10T17:34:17.160!       1!SAA protection
2011-09-10T17:34:17.160!       1!SAA protection
2011-09-10T17:34:17.160!       2!SAA protection
2011-09-10T17:34:17.160!       2!SAA protection
2011-09-10T17:34:17.160!       3!SAA protection
2011-09-10T17:34:17.160!       3!SAA protection
2011-09-10T17:34:17.160!       4!SAA protection
2011-09-10T17:34:17.160!       4!SAA protection
2011-09-10T17:34:17.160!       5!SAA protection
2011-09-10T17:34:17.160!       5!SAA protection
2011-09-10T17:34:17.160!       6!SAA protection
2011-09-10T18:00:51.627!       0!Event found
2011-09-10T18:00:51.627!       0!Event found
2011-09-10T18:00:51.627!       1!Event found
2011-09-10T18:00:51.627!       1!Event found
2011-09-10T18:00:51.627!       2!Event found
2011-09-10T18:00:51.627!       2!Event found
2011-09-10T18:00:51.627!       3!Event found
2011-09-10T18:00:51.628!       3!Event found
2011-09-10T18:00:51.626!       4!Event found
2011-09-10T18:00:51.628!       4!Event found
2011-09-10T18:00:51.623!       5!Event found
2011-09-10T18:00:51.628!       5!Event found
2011-09-10T18:01:06.360!       0!Event found
2011-09-10T18:01:06.360!       1!Event found
2011-09-10T18:01:06.360!       1!Event found
2011-09-10T18:01:06.360!       2!Event found
2011-09-10T18:01:06.360!       2!Event found
2011-09-28T04:55:14.320!       2!Concentration veto:      0.571429
2011-09-28T04:55:14.320!       2!Concentration veto:      0.571429
2011-09-28T04:55:14.320!       3!Concentration veto:      0.500000
2011-10-06T03:47:54.413!       1!Event found
2011-10-06T03:47:54.413!       0!Event found
2011-10-06T03:47:54.413!       1!Event found
2011-10-06T03:48:46.609!       2!Concentration veto:      0.444444
2011-10-06T03:48:46.609!       2!Concentration veto:      0.444444
2011-10-06T03:48:46.609!       3!Event found
2011-10-06T03:50:30.878!       3!Event found
2011-10-09T18:16:23.097!       4!SAA protection
2011-10-09T18:16:23.097!       4!SAA protection
2011-10-09T18:16:23.097!       5!SAA protection
2011-10-09T18:27:57.081!       0!Event found
2011-10-09T18:27:57.081!       1!Event found
2011-10-09T18:27:57.081!       1!Event found
2011-10-09T18:27:57.081!       2!Event found
2011-10-09T18:27:57.081!       2!Event found
2011-10-09T18:27:57.082!       3!Event found
2011-10-09T18:27:57.081!       3!Event found
2011-10-09T18:27:57.083!       4!Event found
2011-10-09T18:27:57.081!       4!Event found
2011-10-31T20:01:18.725!       3!Concentration veto:      0.500000
2011-10-31T20:01:44.083!       3!Event found
2011-10-31T20:02:14.623!       2!Event found
2011-10-31T20:02:14.623!       3!Event found
2011-10-31T20:03:38.423!       0!SAA protection
2011-10-31T20:03:38.423!       0!SAA protection
2011-10-31T20:03:38.423!       1!SAA protection
2011-10-31T20:03:38.423!       1!SAA protection
2011-10-31T20:03:38.423!       2!SAA protection
2011-10-31T20:03:38.423!       2!SAA protection
2011-10-31T20:03:38.423!       3!SAA protection
2011-10-31T20:03:38.423!       3!SAA protection
2011-10-31T20:03:38.423!       4!SAA protection
2011-10-31T20:03:38.423!       4!SAA protection
2011-10-31T20:03:38.423!       5!SAA protection
2011-10-31T20:03:38.423!       5!SAA protection
2011-10-31T20:03:38.423!       6!SAA protection
2011-10-31T20:03:38.423!       6!SAA protection
2011-11-03T19:46:24.058!       1!Event found
2011-11-03T19:46:24.058!       2!Event found
2011-11-03T19:46:24.058!       2!Event found
2011-11-03T19:46:24.058!       3!Event found
2011-11-03T19:46:24.058!       3!Event found
2011-11-03T19:46:24.058!       4!Event found
2011-11-03T19:46:24.059!       4!Event found
2011-11-03T19:46:41.139!       2!Event found
2011-11-03T19:47:20.795!       0!Event found
2011-11-04T07:54:52.210!       0!Event found
2011-11-04T07:54:52.210!       0!Event found
2011-11-04T07:54:52.210!       1!Event found
2011-11-04T07:54:52.210!       2!Event found
2011-11-04T07:54:52.209!       2!Event found
2011-11-04T07:54:52.210!       2!Event found
2011-11-04T07:54:52.210!       3!Event found
2011-11-04T07:54:52.210!       3!Event found
2011-11-04T07:54:52.210!       4!Event found
2011-11-04T07:54:52.209!       4!Event found
2011-11-04T07:55:02.228!       3!Event found
2011-11-04T07:56:06.033!       0!Event found
2012-01-16T07:30:36.418!       3!Event found
2012-01-16T07:30:39.923!       2!Event found
2012-01-16T07:31:11.677!       1!Event found
2012-01-16T07:31:21.750!       2!Event found
2012-01-16T07:31:21.750!       3!Event found
2012-01-16T07:31:21.751!       3!Event found
2012-01-16T07:31:21.751!       4!Event found
2012-01-16T07:31:21.755!       5!Event found
2012-01-16T07:32:27.259!       6!Event found
